<?xml version="1.0" encoding="UTF-8"?>
<!-- Generated by org.testng.reporters.JUnitReportReporter -->
<testsuite hostname="LAPTOP-AK94R9J0" failures="0" tests="1" name="testCases.TC_002_LoginTest" time="2.425" errors="0" timestamp="2024-12-05T01:09:56 EST" skipped="0">
  <testcase classname="testCases.TC_002_LoginTest" name="verify_login" time="2.425"/>
  <system-out/>
</testsuite> <!-- testCases.TC_002_LoginTest -->
